modules/cyber-widget/android/build/intermediates/manifest_merge_blame_file/debug/manifest-merger-blame-debug-report.txt
1<?xml version="1.0" encoding="utf-8"?>
2<manifest xmlns:android="http://schemas.android.com/apk/res/android"
3    package="expo.modules.cyberwidget" >
4
5    <uses-sdk android:minSdkVersion="29" />
5-->src/main/AndroidManifest.xml:5:5-44
5-->src/main/AndroidManifest.xml:5:15-41
6
7    <application
7-->src/main/AndroidManifest.xml:7:5-98:19
8        android:allowBackup="true"
8-->src/main/AndroidManifest.xml:8:9-35
9        android:supportsRtl="true" >
9-->src/main/AndroidManifest.xml:9:9-35
10        <receiver
10-->src/main/AndroidManifest.xml:10:9-20:20
11            android:name="expo.modules.cyberwidget.GasWidget"
11-->src/main/AndroidManifest.xml:11:13-38
12            android:exported="false" >
12-->src/main/AndroidManifest.xml:12:13-37
13            <intent-filter>
13-->src/main/AndroidManifest.xml:13:13-15:29
14                <action android:name="android.appwidget.action.APPWIDGET_UPDATE" />
14-->src/main/AndroidManifest.xml:14:17-84
14-->src/main/AndroidManifest.xml:14:25-81
15            </intent-filter>
16
17            <meta-data
17-->src/main/AndroidManifest.xml:17:13-19:61
18                android:name="android.appwidget.provider"
18-->src/main/AndroidManifest.xml:18:17-58
19                android:resource="@xml/green_widget_info" />
19-->src/main/AndroidManifest.xml:19:17-58
20        </receiver>
21        <receiver
21-->src/main/AndroidManifest.xml:21:9-31:20
22            android:name="expo.modules.cyberwidget.CyberPriceWidget"
22-->src/main/AndroidManifest.xml:22:13-45
23            android:exported="false" >
23-->src/main/AndroidManifest.xml:23:13-37
24            <intent-filter>
24-->src/main/AndroidManifest.xml:13:13-15:29
25                <action android:name="android.appwidget.action.APPWIDGET_UPDATE" />
25-->src/main/AndroidManifest.xml:14:17-84
25-->src/main/AndroidManifest.xml:14:25-81
26            </intent-filter>
27
28            <meta-data
28-->src/main/AndroidManifest.xml:17:13-19:61
29                android:name="android.appwidget.provider"
29-->src/main/AndroidManifest.xml:18:17-58
30                android:resource="@xml/red_widget_info" />
30-->src/main/AndroidManifest.xml:19:17-58
31        </receiver>
32        <receiver
32-->src/main/AndroidManifest.xml:32:9-42:20
33            android:name="expo.modules.cyberwidget.CyberDAUWidget"
33-->src/main/AndroidManifest.xml:33:13-43
34            android:exported="false" >
34-->src/main/AndroidManifest.xml:34:13-37
35            <intent-filter>
35-->src/main/AndroidManifest.xml:13:13-15:29
36                <action android:name="android.appwidget.action.APPWIDGET_UPDATE" />
36-->src/main/AndroidManifest.xml:14:17-84
36-->src/main/AndroidManifest.xml:14:25-81
37            </intent-filter>
38
39            <meta-data
39-->src/main/AndroidManifest.xml:17:13-19:61
40                android:name="android.appwidget.provider"
40-->src/main/AndroidManifest.xml:18:17-58
41                android:resource="@xml/blue_widget_info" />
41-->src/main/AndroidManifest.xml:19:17-58
42        </receiver>
43        <receiver
43-->src/main/AndroidManifest.xml:43:9-53:20
44            android:name="expo.modules.cyberwidget.CyberReStakingWidget"
44-->src/main/AndroidManifest.xml:44:13-49
45            android:exported="false" >
45-->src/main/AndroidManifest.xml:45:13-37
46            <intent-filter>
46-->src/main/AndroidManifest.xml:13:13-15:29
47                <action android:name="android.appwidget.action.APPWIDGET_UPDATE" />
47-->src/main/AndroidManifest.xml:14:17-84
47-->src/main/AndroidManifest.xml:14:25-81
48            </intent-filter>
49
50            <meta-data
50-->src/main/AndroidManifest.xml:17:13-19:61
51                android:name="android.appwidget.provider"
51-->src/main/AndroidManifest.xml:18:17-58
52                android:resource="@xml/brown_widget_info" />
52-->src/main/AndroidManifest.xml:19:17-58
53        </receiver>
54        <receiver
54-->src/main/AndroidManifest.xml:54:9-64:20
55            android:name="expo.modules.cyberwidget.CyberStakingWidget"
55-->src/main/AndroidManifest.xml:55:13-47
56            android:exported="false" >
56-->src/main/AndroidManifest.xml:56:13-37
57            <intent-filter>
57-->src/main/AndroidManifest.xml:13:13-15:29
58                <action android:name="android.appwidget.action.APPWIDGET_UPDATE" />
58-->src/main/AndroidManifest.xml:14:17-84
58-->src/main/AndroidManifest.xml:14:25-81
59            </intent-filter>
60
61            <meta-data
61-->src/main/AndroidManifest.xml:17:13-19:61
62                android:name="android.appwidget.provider"
62-->src/main/AndroidManifest.xml:18:17-58
63                android:resource="@xml/orange_widget_info" />
63-->src/main/AndroidManifest.xml:19:17-58
64        </receiver>
65        <receiver
65-->src/main/AndroidManifest.xml:65:9-75:20
66            android:name="expo.modules.cyberwidget.L2TransactionWidget"
66-->src/main/AndroidManifest.xml:66:13-48
67            android:exported="false" >
67-->src/main/AndroidManifest.xml:67:13-37
68            <intent-filter>
68-->src/main/AndroidManifest.xml:13:13-15:29
69                <action android:name="android.appwidget.action.APPWIDGET_UPDATE" />
69-->src/main/AndroidManifest.xml:14:17-84
69-->src/main/AndroidManifest.xml:14:25-81
70            </intent-filter>
71
72            <meta-data
72-->src/main/AndroidManifest.xml:17:13-19:61
73                android:name="android.appwidget.provider"
73-->src/main/AndroidManifest.xml:18:17-58
74                android:resource="@xml/grey_widget_info" />
74-->src/main/AndroidManifest.xml:19:17-58
75        </receiver>
76        <receiver
76-->src/main/AndroidManifest.xml:76:9-86:20
77            android:name="expo.modules.cyberwidget.StakerCountWidget"
77-->src/main/AndroidManifest.xml:77:13-46
78            android:exported="false" >
78-->src/main/AndroidManifest.xml:78:13-37
79            <intent-filter>
79-->src/main/AndroidManifest.xml:13:13-15:29
80                <action android:name="android.appwidget.action.APPWIDGET_UPDATE" />
80-->src/main/AndroidManifest.xml:14:17-84
80-->src/main/AndroidManifest.xml:14:25-81
81            </intent-filter>
82
83            <meta-data
83-->src/main/AndroidManifest.xml:17:13-19:61
84                android:name="android.appwidget.provider"
84-->src/main/AndroidManifest.xml:18:17-58
85                android:resource="@xml/pink_widget_info" />
85-->src/main/AndroidManifest.xml:19:17-58
86        </receiver>
87        <receiver
87-->src/main/AndroidManifest.xml:87:9-97:20
88            android:name="expo.modules.cyberwidget.LineWidget"
88-->src/main/AndroidManifest.xml:88:13-39
89            android:exported="true" >
89-->src/main/AndroidManifest.xml:89:13-36
90            <intent-filter>
90-->src/main/AndroidManifest.xml:13:13-15:29
91                <action android:name="android.appwidget.action.APPWIDGET_UPDATE" />
91-->src/main/AndroidManifest.xml:14:17-84
91-->src/main/AndroidManifest.xml:14:25-81
92            </intent-filter>
93
94            <meta-data
94-->src/main/AndroidManifest.xml:17:13-19:61
95                android:name="android.appwidget.provider"
95-->src/main/AndroidManifest.xml:18:17-58
96                android:resource="@xml/line_widget_info" />
96-->src/main/AndroidManifest.xml:19:17-58
97        </receiver>
98    </application>
99
100</manifest>